[2024-04-11 04:16:28] local.ERROR: could not find driver (Connection: sqlsrv, SQL: select t.name as name, schema_name(t.schema_id) as [schema], sum(u.total_pages) * 8 * 1024 as size from sys.tables as t join sys.partitions as p on p.object_id = t.object_id join sys.allocation_units as u on u.container_id = p.hobt_id group by t.name, t.schema_id order by t.name) {"exception":"[object] (Illuminate\\Database\\QueryException(code: 0): could not find driver (Connection: sqlsrv, SQL: select t.name as name, schema_name(t.schema_id) as [schema], sum(u.total_pages) * 8 * 1024 as size from sys.tables as t join sys.partitions as p on p.object_id = t.object_id join sys.allocation_units as u on u.container_id = p.hobt_id group by t.name, t.schema_id order by t.name) at C:\\Users\\negre\\OneDrive\\Documentos\\Projects\\rental-room-page-api\\vendor\\laravel\\framework\\src\\Illuminate\\Database\\Connection.php:813)
[stacktrace]
#0 C:\\Users\\negre\\OneDrive\\Documentos\\Projects\\rental-room-page-api\\vendor\\laravel\\framework\\src\\Illuminate\\Database\\Connection.php(767): Illuminate\\Database\\Connection->runQueryCallback('select t.name a...', Array, Object(Closure))
#1 C:\\Users\\negre\\OneDrive\\Documentos\\Projects\\rental-room-page-api\\vendor\\laravel\\framework\\src\\Illuminate\\Database\\Connection.php(398): Illuminate\\Database\\Connection->run('select t.name a...', Array, Object(Closure))
#2 C:\\Users\\negre\\OneDrive\\Documentos\\Projects\\rental-room-page-api\\vendor\\laravel\\framework\\src\\Illuminate\\Database\\Connection.php(385): Illuminate\\Database\\Connection->select('select t.name a...', Array, false)
#3 C:\\Users\\negre\\OneDrive\\Documentos\\Projects\\rental-room-page-api\\vendor\\laravel\\framework\\src\\Illuminate\\Database\\Schema\\Builder.php(183): Illuminate\\Database\\Connection->selectFromWriteConnection('select t.name a...')
#4 C:\\Users\\negre\\OneDrive\\Documentos\\Projects\\rental-room-page-api\\vendor\\laravel\\framework\\src\\Illuminate\\Database\\Schema\\Builder.php(194): Illuminate\\Database\\Schema\\Builder->getTables()
#5 C:\\Users\\negre\\OneDrive\\Documentos\\Projects\\rental-room-page-api\\vendor\\laravel\\framework\\src\\Illuminate\\Support\\Facades\\Facade.php(357): Illuminate\\Database\\Schema\\Builder->getTableListing()
#6 C:\\Users\\negre\\OneDrive\\Documentos\\Projects\\rental-room-page-api\\vendor\\kitloong\\laravel-migrations-generator\\src\\Database\\DatabaseSchema.php(69): Illuminate\\Support\\Facades\\Facade::__callStatic('getTableListing', Array)
#7 C:\\Users\\negre\\OneDrive\\Documentos\\Projects\\rental-room-page-api\\vendor\\kitloong\\laravel-migrations-generator\\src\\MigrateGenerateCommand.php(186): KitLoong\\MigrationsGenerator\\Database\\DatabaseSchema->getTableNames()
#8 C:\\Users\\negre\\OneDrive\\Documentos\\Projects\\rental-room-page-api\\vendor\\kitloong\\laravel-migrations-generator\\src\\MigrateGenerateCommand.php(99): KitLoong\\MigrationsGenerator\\MigrateGenerateCommand->filterTables()
#9 C:\\Users\\negre\\OneDrive\\Documentos\\Projects\\rental-room-page-api\\vendor\\laravel\\framework\\src\\Illuminate\\Container\\BoundMethod.php(36): KitLoong\\MigrationsGenerator\\MigrateGenerateCommand->handle()
#10 C:\\Users\\negre\\OneDrive\\Documentos\\Projects\\rental-room-page-api\\vendor\\laravel\\framework\\src\\Illuminate\\Container\\Util.php(41): Illuminate\\Container\\BoundMethod::Illuminate\\Container\\{closure}()
#11 C:\\Users\\negre\\OneDrive\\Documentos\\Projects\\rental-room-page-api\\vendor\\laravel\\framework\\src\\Illuminate\\Container\\BoundMethod.php(93): Illuminate\\Container\\Util::unwrapIfClosure(Object(Closure))
#12 C:\\Users\\negre\\OneDrive\\Documentos\\Projects\\rental-room-page-api\\vendor\\laravel\\framework\\src\\Illuminate\\Container\\BoundMethod.php(35): Illuminate\\Container\\BoundMethod::callBoundMethod(Object(Illuminate\\Foundation\\Application), Array, Object(Closure))
#13 C:\\Users\\negre\\OneDrive\\Documentos\\Projects\\rental-room-page-api\\vendor\\laravel\\framework\\src\\Illuminate\\Container\\Container.php(662): Illuminate\\Container\\BoundMethod::call(Object(Illuminate\\Foundation\\Application), Array, Array, NULL)
#14 C:\\Users\\negre\\OneDrive\\Documentos\\Projects\\rental-room-page-api\\vendor\\laravel\\framework\\src\\Illuminate\\Console\\Command.php(212): Illuminate\\Container\\Container->call(Array)
#15 C:\\Users\\negre\\OneDrive\\Documentos\\Projects\\rental-room-page-api\\vendor\\symfony\\console\\Command\\Command.php(279): Illuminate\\Console\\Command->execute(Object(Symfony\\Component\\Console\\Input\\ArgvInput), Object(Illuminate\\Console\\OutputStyle))
#16 C:\\Users\\negre\\OneDrive\\Documentos\\Projects\\rental-room-page-api\\vendor\\laravel\\framework\\src\\Illuminate\\Console\\Command.php(181): Symfony\\Component\\Console\\Command\\Command->run(Object(Symfony\\Component\\Console\\Input\\ArgvInput), Object(Illuminate\\Console\\OutputStyle))
#17 C:\\Users\\negre\\OneDrive\\Documentos\\Projects\\rental-room-page-api\\vendor\\symfony\\console\\Application.php(1049): Illuminate\\Console\\Command->run(Object(Symfony\\Component\\Console\\Input\\ArgvInput), Object(Symfony\\Component\\Console\\Output\\ConsoleOutput))
#18 C:\\Users\\negre\\OneDrive\\Documentos\\Projects\\rental-room-page-api\\vendor\\symfony\\console\\Application.php(318): Symfony\\Component\\Console\\Application->doRunCommand(Object(KitLoong\\MigrationsGenerator\\MigrateGenerateCommand), Object(Symfony\\Component\\Console\\Input\\ArgvInput), Object(Symfony\\Component\\Console\\Output\\ConsoleOutput))
#19 C:\\Users\\negre\\OneDrive\\Documentos\\Projects\\rental-room-page-api\\vendor\\symfony\\console\\Application.php(169): Symfony\\Component\\Console\\Application->doRun(Object(Symfony\\Component\\Console\\Input\\ArgvInput), Object(Symfony\\Component\\Console\\Output\\ConsoleOutput))
#20 C:\\Users\\negre\\OneDrive\\Documentos\\Projects\\rental-room-page-api\\vendor\\laravel\\framework\\src\\Illuminate\\Foundation\\Console\\Kernel.php(196): Symfony\\Component\\Console\\Application->run(Object(Symfony\\Component\\Console\\Input\\ArgvInput), Object(Symfony\\Component\\Console\\Output\\ConsoleOutput))
#21 C:\\Users\\negre\\OneDrive\\Documentos\\Projects\\rental-room-page-api\\vendor\\laravel\\framework\\src\\Illuminate\\Foundation\\Application.php(1183): Illuminate\\Foundation\\Console\\Kernel->handle(Object(Symfony\\Component\\Console\\Input\\ArgvInput), Object(Symfony\\Component\\Console\\Output\\ConsoleOutput))
#22 C:\\Users\\negre\\OneDrive\\Documentos\\Projects\\rental-room-page-api\\artisan(13): Illuminate\\Foundation\\Application->handleCommand(Object(Symfony\\Component\\Console\\Input\\ArgvInput))
#23 {main}

[previous exception] [object] (PDOException(code: 0): could not find driver at C:\\Users\\negre\\OneDrive\\Documentos\\Projects\\rental-room-page-api\\vendor\\laravel\\framework\\src\\Illuminate\\Database\\Connectors\\Connector.php:65)
[stacktrace]
#0 C:\\Users\\negre\\OneDrive\\Documentos\\Projects\\rental-room-page-api\\vendor\\laravel\\framework\\src\\Illuminate\\Database\\Connectors\\Connector.php(65): PDO->__construct('dblib:host=127....', 'Test', Object(SensitiveParameterValue), Array)
#1 C:\\Users\\negre\\OneDrive\\Documentos\\Projects\\rental-room-page-api\\vendor\\laravel\\framework\\src\\Illuminate\\Database\\Connectors\\Connector.php(44): Illuminate\\Database\\Connectors\\Connector->createPdoConnection('dblib:host=127....', 'Test', '123', Array)
#2 C:\\Users\\negre\\OneDrive\\Documentos\\Projects\\rental-room-page-api\\vendor\\laravel\\framework\\src\\Illuminate\\Database\\Connectors\\SqlServerConnector.php(32): Illuminate\\Database\\Connectors\\Connector->createConnection('dblib:host=127....', Array, Array)
#3 C:\\Users\\negre\\OneDrive\\Documentos\\Projects\\rental-room-page-api\\vendor\\laravel\\framework\\src\\Illuminate\\Database\\Connectors\\ConnectionFactory.php(185): Illuminate\\Database\\Connectors\\SqlServerConnector->connect(Array)
#4 [internal function]: Illuminate\\Database\\Connectors\\ConnectionFactory->Illuminate\\Database\\Connectors\\{closure}()
#5 C:\\Users\\negre\\OneDrive\\Documentos\\Projects\\rental-room-page-api\\vendor\\laravel\\framework\\src\\Illuminate\\Database\\Connection.php(1219): call_user_func(Object(Closure))
#6 C:\\Users\\negre\\OneDrive\\Documentos\\Projects\\rental-room-page-api\\vendor\\laravel\\framework\\src\\Illuminate\\Database\\Connection.php(512): Illuminate\\Database\\Connection->getPdo()
#7 C:\\Users\\negre\\OneDrive\\Documentos\\Projects\\rental-room-page-api\\vendor\\laravel\\framework\\src\\Illuminate\\Database\\Connection.php(407): Illuminate\\Database\\Connection->getPdoForSelect(false)
#8 C:\\Users\\negre\\OneDrive\\Documentos\\Projects\\rental-room-page-api\\vendor\\laravel\\framework\\src\\Illuminate\\Database\\Connection.php(800): Illuminate\\Database\\Connection->Illuminate\\Database\\{closure}('select t.name a...', Array)
#9 C:\\Users\\negre\\OneDrive\\Documentos\\Projects\\rental-room-page-api\\vendor\\laravel\\framework\\src\\Illuminate\\Database\\Connection.php(767): Illuminate\\Database\\Connection->runQueryCallback('select t.name a...', Array, Object(Closure))
#10 C:\\Users\\negre\\OneDrive\\Documentos\\Projects\\rental-room-page-api\\vendor\\laravel\\framework\\src\\Illuminate\\Database\\Connection.php(398): Illuminate\\Database\\Connection->run('select t.name a...', Array, Object(Closure))
#11 C:\\Users\\negre\\OneDrive\\Documentos\\Projects\\rental-room-page-api\\vendor\\laravel\\framework\\src\\Illuminate\\Database\\Connection.php(385): Illuminate\\Database\\Connection->select('select t.name a...', Array, false)
#12 C:\\Users\\negre\\OneDrive\\Documentos\\Projects\\rental-room-page-api\\vendor\\laravel\\framework\\src\\Illuminate\\Database\\Schema\\Builder.php(183): Illuminate\\Database\\Connection->selectFromWriteConnection('select t.name a...')
#13 C:\\Users\\negre\\OneDrive\\Documentos\\Projects\\rental-room-page-api\\vendor\\laravel\\framework\\src\\Illuminate\\Database\\Schema\\Builder.php(194): Illuminate\\Database\\Schema\\Builder->getTables()
#14 C:\\Users\\negre\\OneDrive\\Documentos\\Projects\\rental-room-page-api\\vendor\\laravel\\framework\\src\\Illuminate\\Support\\Facades\\Facade.php(357): Illuminate\\Database\\Schema\\Builder->getTableListing()
#15 C:\\Users\\negre\\OneDrive\\Documentos\\Projects\\rental-room-page-api\\vendor\\kitloong\\laravel-migrations-generator\\src\\Database\\DatabaseSchema.php(69): Illuminate\\Support\\Facades\\Facade::__callStatic('getTableListing', Array)
#16 C:\\Users\\negre\\OneDrive\\Documentos\\Projects\\rental-room-page-api\\vendor\\kitloong\\laravel-migrations-generator\\src\\MigrateGenerateCommand.php(186): KitLoong\\MigrationsGenerator\\Database\\DatabaseSchema->getTableNames()
#17 C:\\Users\\negre\\OneDrive\\Documentos\\Projects\\rental-room-page-api\\vendor\\kitloong\\laravel-migrations-generator\\src\\MigrateGenerateCommand.php(99): KitLoong\\MigrationsGenerator\\MigrateGenerateCommand->filterTables()
#18 C:\\Users\\negre\\OneDrive\\Documentos\\Projects\\rental-room-page-api\\vendor\\laravel\\framework\\src\\Illuminate\\Container\\BoundMethod.php(36): KitLoong\\MigrationsGenerator\\MigrateGenerateCommand->handle()
#19 C:\\Users\\negre\\OneDrive\\Documentos\\Projects\\rental-room-page-api\\vendor\\laravel\\framework\\src\\Illuminate\\Container\\Util.php(41): Illuminate\\Container\\BoundMethod::Illuminate\\Container\\{closure}()
#20 C:\\Users\\negre\\OneDrive\\Documentos\\Projects\\rental-room-page-api\\vendor\\laravel\\framework\\src\\Illuminate\\Container\\BoundMethod.php(93): Illuminate\\Container\\Util::unwrapIfClosure(Object(Closure))
#21 C:\\Users\\negre\\OneDrive\\Documentos\\Projects\\rental-room-page-api\\vendor\\laravel\\framework\\src\\Illuminate\\Container\\BoundMethod.php(35): Illuminate\\Container\\BoundMethod::callBoundMethod(Object(Illuminate\\Foundation\\Application), Array, Object(Closure))
#22 C:\\Users\\negre\\OneDrive\\Documentos\\Projects\\rental-room-page-api\\vendor\\laravel\\framework\\src\\Illuminate\\Container\\Container.php(662): Illuminate\\Container\\BoundMethod::call(Object(Illuminate\\Foundation\\Application), Array, Array, NULL)
#23 C:\\Users\\negre\\OneDrive\\Documentos\\Projects\\rental-room-page-api\\vendor\\laravel\\framework\\src\\Illuminate\\Console\\Command.php(212): Illuminate\\Container\\Container->call(Array)
#24 C:\\Users\\negre\\OneDrive\\Documentos\\Projects\\rental-room-page-api\\vendor\\symfony\\console\\Command\\Command.php(279): Illuminate\\Console\\Command->execute(Object(Symfony\\Component\\Console\\Input\\ArgvInput), Object(Illuminate\\Console\\OutputStyle))
#25 C:\\Users\\negre\\OneDrive\\Documentos\\Projects\\rental-room-page-api\\vendor\\laravel\\framework\\src\\Illuminate\\Console\\Command.php(181): Symfony\\Component\\Console\\Command\\Command->run(Object(Symfony\\Component\\Console\\Input\\ArgvInput), Object(Illuminate\\Console\\OutputStyle))
#26 C:\\Users\\negre\\OneDrive\\Documentos\\Projects\\rental-room-page-api\\vendor\\symfony\\console\\Application.php(1049): Illuminate\\Console\\Command->run(Object(Symfony\\Component\\Console\\Input\\ArgvInput), Object(Symfony\\Component\\Console\\Output\\ConsoleOutput))
#27 C:\\Users\\negre\\OneDrive\\Documentos\\Projects\\rental-room-page-api\\vendor\\symfony\\console\\Application.php(318): Symfony\\Component\\Console\\Application->doRunCommand(Object(KitLoong\\MigrationsGenerator\\MigrateGenerateCommand), Object(Symfony\\Component\\Console\\Input\\ArgvInput), Object(Symfony\\Component\\Console\\Output\\ConsoleOutput))
#28 C:\\Users\\negre\\OneDrive\\Documentos\\Projects\\rental-room-page-api\\vendor\\symfony\\console\\Application.php(169): Symfony\\Component\\Console\\Application->doRun(Object(Symfony\\Component\\Console\\Input\\ArgvInput), Object(Symfony\\Component\\Console\\Output\\ConsoleOutput))
#29 C:\\Users\\negre\\OneDrive\\Documentos\\Projects\\rental-room-page-api\\vendor\\laravel\\framework\\src\\Illuminate\\Foundation\\Console\\Kernel.php(196): Symfony\\Component\\Console\\Application->run(Object(Symfony\\Component\\Console\\Input\\ArgvInput), Object(Symfony\\Component\\Console\\Output\\ConsoleOutput))
#30 C:\\Users\\negre\\OneDrive\\Documentos\\Projects\\rental-room-page-api\\vendor\\laravel\\framework\\src\\Illuminate\\Foundation\\Application.php(1183): Illuminate\\Foundation\\Console\\Kernel->handle(Object(Symfony\\Component\\Console\\Input\\ArgvInput), Object(Symfony\\Component\\Console\\Output\\ConsoleOutput))
#31 C:\\Users\\negre\\OneDrive\\Documentos\\Projects\\rental-room-page-api\\artisan(13): Illuminate\\Foundation\\Application->handleCommand(Object(Symfony\\Component\\Console\\Input\\ArgvInput))
#32 {main}
"} 
